<?xml version="1.0" encoding="UTF-8"?>
<testsuite xmlns:xsi="http://www.w3.org/2001/XMLSchema-instance" xsi:noNamespaceSchemaLocation="https://maven.apache.org/surefire/maven-surefire-plugin/xsd/surefire-test-report-3.0.xsd" version="3.0" name="com.eurekaservice.EurekaDiscoveryServiceApplicationTests" time="11.966" tests="1" errors="0" skipped="0" failures="0">
  <properties>
[...]
</properties>
  <testcase name="contextLoads" classname="com.eurekaservice.EurekaDiscoveryServiceApplicationTests" time="1.957">
    <system-out><![CDATA[Standard Commons Logging discovery in action with spring-jcl: please remove commons-logging.jar from classpath in order to avoid potential conflicts
10:22:53.029 [main] INFO org.springframework.test.context.support.AnnotationConfigContextLoaderUtils -- Could not detect default configuration classes for test class [com.eurekaservice.EurekaDiscoveryServiceApplicationTests]: EurekaDiscoveryServiceApplicationTests does not declare any static, non-private, non-final, nested classes annotated with @Configuration.
10:22:53.249 [main] INFO org.springframework.boot.test.context.SpringBootTestContextBootstrapper -- Found @SpringBootConfiguration com.eurekaservice.EurekaDiscoveryServiceApplication for test class com.eurekaservice.EurekaDiscoveryServiceApplicationTests
10:22:53.713 [main] INFO org.springframework.boot.devtools.restart.RestartApplicationListener -- Restart disabled due to context in which it is running
  .   ____          _            __ _ _
 /\\ / ___'_ __ _ _(_)_ __  __ _ \ \ \ \
( ( )\___ | '_ | '_| | '_ \/ _` | \ \ \ \
 \\/  ___)| |_)| | | | | || (_| |  ) ) ) )
  '  |____| .__|_| |_|_| |_\__, | / / / /
 =========|_|==============|___/=/_/_/_/

 :: Spring Boot ::                (v3.3.0)

2024-07-02T10:22:54.449+05:30  INFO 22120 --- [EurekaDicoveryService] [           main] e.EurekaDiscoveryServiceApplicationTests : Starting EurekaDiscoveryServiceApplicationTests using Java 17.0.10 with PID 22120 (started by HP in D:\Axis Java Training\Microservices_HeHe\EurekaDiscoveryService\EurekaDiscoveryService)
2024-07-02T10:22:54.452+05:30  INFO 22120 --- [EurekaDicoveryService] [           main] e.EurekaDiscoveryServiceApplicationTests : No active profile set, falling back to 1 default profile: "default"
2024-07-02T10:22:57.386+05:30  INFO 22120 --- [EurekaDicoveryService] [           main] o.s.cloud.context.scope.GenericScope     : BeanFactory id=75c0ebfc-368e-311b-81e6-7d1c89e6d741
2024-07-02T10:22:57.579+05:30  WARN 22120 --- [EurekaDicoveryService] [           main] trationDelegate$BeanPostProcessorChecker : Bean 'org.springframework.cloud.client.loadbalancer.LoadBalancerAutoConfiguration$DeferringLoadBalancerInterceptorConfig' of type [org.springframework.cloud.client.loadbalancer.LoadBalancerAutoConfiguration$DeferringLoadBalancerInterceptorConfig] is not eligible for getting processed by all BeanPostProcessors (for example: not eligible for auto-proxying). The currently created BeanPostProcessor [lbRestClientPostProcessor] is declared through a non-static factory method on that class; consider declaring it as static instead.
2024-07-02T10:22:57.588+05:30  WARN 22120 --- [EurekaDicoveryService] [           main] trationDelegate$BeanPostProcessorChecker : Bean 'deferringLoadBalancerInterceptor' of type [org.springframework.cloud.client.loadbalancer.DeferringLoadBalancerInterceptor] is not eligible for getting processed by all BeanPostProcessors (for example: not eligible for auto-proxying). Is this bean getting eagerly injected into a currently created BeanPostProcessor [lbRestClientPostProcessor]? Check the corresponding BeanPostProcessor declaration and its dependencies.
2024-07-02T10:23:00.550+05:30  WARN 22120 --- [EurekaDicoveryService] [           main] iguration$LoadBalancerCaffeineWarnLogger : Spring Cloud LoadBalancer is currently working with the default cache. While this cache implementation is useful for development and tests, it's recommended to use Caffeine cache in production.You can switch to using Caffeine cache, by adding it and org.springframework.cache.caffeine.CaffeineCacheManager to the classpath.
2024-07-02T10:23:01.067+05:30  INFO 22120 --- [EurekaDicoveryService] [           main] o.s.c.n.eureka.InstanceInfoFactory       : Setting initial instance status as: STARTING
2024-07-02T10:23:01.152+05:30  INFO 22120 --- [EurekaDicoveryService] [           main] com.netflix.discovery.DiscoveryClient    : Initializing Eureka in region us-east-1
2024-07-02T10:23:01.156+05:30  INFO 22120 --- [EurekaDicoveryService] [           main] com.netflix.discovery.DiscoveryClient    : Client configured to neither register nor query for data.
2024-07-02T10:23:01.186+05:30  INFO 22120 --- [EurekaDicoveryService] [           main] com.netflix.discovery.DiscoveryClient    : Discovery Client initialized at timestamp 1719895981182 with initial instances count: 0
2024-07-02T10:23:01.289+05:30  INFO 22120 --- [EurekaDicoveryService] [           main] c.n.eureka.DefaultEurekaServerContext    : Initializing ...
2024-07-02T10:23:01.294+05:30  INFO 22120 --- [EurekaDicoveryService] [           main] c.n.eureka.cluster.PeerEurekaNodes       : Adding new peer nodes [http://localhost:8761/eureka/]
2024-07-02T10:23:01.884+05:30  INFO 22120 --- [EurekaDicoveryService] [           main] c.n.d.provider.DiscoveryJerseyProvider   : Using JSON encoding codec LegacyJacksonJson
2024-07-02T10:23:01.885+05:30  INFO 22120 --- [EurekaDicoveryService] [           main] c.n.d.provider.DiscoveryJerseyProvider   : Using JSON decoding codec LegacyJacksonJson
2024-07-02T10:23:01.885+05:30  INFO 22120 --- [EurekaDicoveryService] [           main] c.n.d.provider.DiscoveryJerseyProvider   : Using XML encoding codec XStreamXml
2024-07-02T10:23:01.885+05:30  INFO 22120 --- [EurekaDicoveryService] [           main] c.n.d.provider.DiscoveryJerseyProvider   : Using XML decoding codec XStreamXml
2024-07-02T10:23:02.235+05:30  INFO 22120 --- [EurekaDicoveryService] [           main] c.n.eureka.cluster.PeerEurekaNodes       : Replica node URL:  http://localhost:8761/eureka/
2024-07-02T10:23:02.254+05:30  INFO 22120 --- [EurekaDicoveryService] [           main] c.n.e.registry.AbstractInstanceRegistry  : Finished initializing remote region registries. All known remote regions: []
2024-07-02T10:23:02.256+05:30  INFO 22120 --- [EurekaDicoveryService] [           main] c.n.eureka.DefaultEurekaServerContext    : Initialized
2024-07-02T10:23:02.428+05:30  INFO 22120 --- [EurekaDicoveryService] [           main] o.s.b.a.e.web.EndpointLinksResolver      : Exposing 1 endpoint beneath base path '/actuator'
2024-07-02T10:23:02.577+05:30  INFO 22120 --- [EurekaDicoveryService] [           main] o.s.c.n.e.s.EurekaServiceRegistry        : Registering application EUREKADICOVERYSERVICE with eureka with status UP
2024-07-02T10:23:02.610+05:30  INFO 22120 --- [EurekaDicoveryService] [      Thread-11] o.s.c.n.e.server.EurekaServerBootstrap   : isAws returned false
2024-07-02T10:23:02.611+05:30  INFO 22120 --- [EurekaDicoveryService] [      Thread-11] o.s.c.n.e.server.EurekaServerBootstrap   : Initialized server context
2024-07-02T10:23:02.611+05:30  INFO 22120 --- [EurekaDicoveryService] [      Thread-11] c.n.e.r.PeerAwareInstanceRegistryImpl    : Got 1 instances from neighboring DS node
2024-07-02T10:23:02.612+05:30  INFO 22120 --- [EurekaDicoveryService] [      Thread-11] c.n.e.r.PeerAwareInstanceRegistryImpl    : Renew threshold is: 1
2024-07-02T10:23:02.612+05:30  INFO 22120 --- [EurekaDicoveryService] [      Thread-11] c.n.e.r.PeerAwareInstanceRegistryImpl    : Changing status to UP
2024-07-02T10:23:02.614+05:30  INFO 22120 --- [EurekaDicoveryService] [           main] e.EurekaDiscoveryServiceApplicationTests : Started EurekaDiscoveryServiceApplicationTests in 8.939 seconds (process running for 11.083)
2024-07-02T10:23:02.629+05:30  INFO 22120 --- [EurekaDicoveryService] [      Thread-11] e.s.EurekaServerInitializerConfiguration : Started Eureka Server
]]></system-out>
  </testcase>
</testsuite>