# JRE version: OpenJDK Runtime Environment Temurin-17.0.11+9 (17.0.11+9) (build 17.0.11+9)
# Java VM: OpenJDK 64-Bit Server VM Temurin-17.0.11+9 (17.0.11+9, mixed mode, emulated-client, tiered, compressed oops, compressed class ptrs, g1 gc, windows-amd64)
GC Precious Log:
 CPUs: 12 total, 12 available
 Memory: 7502M
 Large Page Support: Disabled
 NUMA Support: Disabled
 Compressed Oops: Enabled (32-bit)
 Heap Region Size: 1M
 Heap Min Capacity: 8M
 Heap Initial Capacity: 118M
 Heap Max Capacity: 1876M
 Pre-touch: Disabled
 Parallel Workers: 10
 Concurrent Workers: 3
 Concurrent Refinement Workers: 10
 Periodic GC: Disabled
Heap:
 garbage-first heap   total 66560K, used 38701K [0x000000008ac00000, 0x0000000100000000)
  region size 1024K, 2 young (2048K), 2 survivors (2048K)
 Metaspace       used 62267K, committed 62784K, reserved 1114112K
  class space    used 8373K, committed 8640K, reserved 1048576K
GC Heap History (20 events):
Event: 10.756 GC heap after
{Heap after GC invocations=16 (full 0):
 garbage-first heap   total 50176K, used 26658K [0x000000008ac00000, 0x0000000100000000)
  region size 1024K, 2 young (2048K), 2 survivors (2048K)
 Metaspace       used 41555K, committed 42048K, reserved 1114112K
  class space    used 5382K, committed 5632K, reserved 1048576K
}
Event: 10.999 GC heap before
{Heap before GC invocations=17 (full 0):
 garbage-first heap   total 55296K, used 38946K [0x000000008ac00000, 0x0000000100000000)
  region size 1024K, 11 young (11264K), 2 survivors (2048K)
 Metaspace       used 42762K, committed 43264K, reserved 1114112K
  class space    used 5504K, committed 5760K, reserved 1048576K
}
Event: 11.003 GC heap after
{Heap after GC invocations=18 (full 0):
 garbage-first heap   total 66560K, used 27166K [0x000000008ac00000, 0x0000000100000000)
  region size 1024K, 2 young (2048K), 2 survivors (2048K)
 Metaspace       used 42762K, committed 43264K, reserved 1114112K
  class space    used 5504K, committed 5760K, reserved 1048576K
}
Event: 11.695 GC heap before
{Heap before GC invocations=18 (full 0):
 garbage-first heap   total 66560K, used 44574K [0x000000008ac00000, 0x0000000100000000)
  region size 1024K, 19 young (19456K), 2 survivors (2048K)
 Metaspace       used 44032K, committed 44480K, reserved 1114112K
  class space    used 5677K, committed 5888K, reserved 1048576K
}
Event: 11.700 GC heap after
{Heap after GC invocations=19 (full 0):
 garbage-first heap   total 66560K, used 27263K [0x000000008ac00000, 0x0000000100000000)
  region size 1024K, 2 young (2048K), 2 survivors (2048K)
 Metaspace       used 44032K, committed 44480K, reserved 1114112K
  class space    used 5677K, committed 5888K, reserved 1048576K
}
Event: 12.695 GC heap before
{Heap before GC invocations=19 (full 0):
 garbage-first heap   total 66560K, used 45695K [0x000000008ac00000, 0x0000000100000000)
  region size 1024K, 20 young (20480K), 2 survivors (2048K)
 Metaspace       used 47687K, committed 48192K, reserved 1114112K
  class space    used 6249K, committed 6464K, reserved 1048576K
}
Event: 12.698 GC heap after
{Heap after GC invocations=20 (full 0):
 garbage-first heap   total 66560K, used 28366K [0x000000008ac00000, 0x0000000100000000)
  region size 1024K, 3 young (3072K), 3 survivors (3072K)
 Metaspace       used 47687K, committed 48192K, reserved 1114112K
  class space    used 6249K, committed 6464K, reserved 1048576K
}
Event: 13.995 GC heap before
{Heap before GC invocations=20 (full 0):
 garbage-first heap   total 66560K, used 47822K [0x000000008ac00000, 0x0000000100000000)
  region size 1024K, 22 young (22528K), 3 survivors (3072K)
 Metaspace       used 50044K, committed 50560K, reserved 1114112K
  class space    used 6635K, committed 6912K, reserved 1048576K
}
Event: 14.000 GC heap after
{Heap after GC invocations=21 (full 0):
 garbage-first heap   total 66560K, used 30183K [0x000000008ac00000, 0x0000000100000000)
  region size 1024K, 3 young (3072K), 3 survivors (3072K)
 Metaspace       used 50044K, committed 50560K, reserved 1114112K
  class space    used 6635K, committed 6912K, reserved 1048576K
}
Event: 14.867 GC heap before
{Heap before GC invocations=21 (full 0):
 garbage-first heap   total 66560K, used 49639K [0x000000008ac00000, 0x0000000100000000)
  region size 1024K, 22 young (22528K), 3 survivors (3072K)
 Metaspace       used 53416K, committed 53952K, reserved 1114112K
  class space    used 7083K, committed 7360K, reserved 1048576K
}
Event: 14.873 GC heap after
{Heap after GC invocations=22 (full 0):
 garbage-first heap   total 66560K, used 32983K [0x000000008ac00000, 0x0000000100000000)
  region size 1024K, 3 young (3072K), 3 survivors (3072K)
 Metaspace       used 53416K, committed 53952K, reserved 1114112K
  class space    used 7083K, committed 7360K, reserved 1048576K
}
Event: 16.249 GC heap before
{Heap before GC invocations=22 (full 0):
 garbage-first heap   total 66560K, used 49367K [0x000000008ac00000, 0x0000000100000000)
  region size 1024K, 19 young (19456K), 3 survivors (3072K)
 Metaspace       used 55267K, committed 55808K, reserved 1114112K
  class space    used 7348K, committed 7616K, reserved 1048576K
}
Event: 16.256 GC heap after
{Heap after GC invocations=23 (full 0):
 garbage-first heap   total 66560K, used 34810K [0x000000008ac00000, 0x0000000100000000)
  region size 1024K, 2 young (2048K), 2 survivors (2048K)
 Metaspace       used 55267K, committed 55808K, reserved 1114112K
  class space    used 7348K, committed 7616K, reserved 1048576K
}
Event: 18.894 GC heap before
{Heap before GC invocations=24 (full 0):
 garbage-first heap   total 66560K, used 51194K [0x000000008ac00000, 0x0000000100000000)
  region size 1024K, 18 young (18432K), 2 survivors (2048K)
 Metaspace       used 56546K, committed 57152K, reserved 1114112K
  class space    used 7568K, committed 7872K, reserved 1048576K
}
Event: 18.899 GC heap after
{Heap after GC invocations=25 (full 0):
 garbage-first heap   total 66560K, used 35754K [0x000000008ac00000, 0x0000000100000000)
  region size 1024K, 2 young (2048K), 2 survivors (2048K)
 Metaspace       used 56546K, committed 57152K, reserved 1114112K
  class space    used 7568K, committed 7872K, reserved 1048576K
}
Event: 19.189 GC heap before
{Heap before GC invocations=25 (full 0):
 garbage-first heap   total 66560K, used 35754K [0x000000008ac00000, 0x0000000100000000)
  region size 1024K, 3 young (3072K), 2 survivors (2048K)
 Metaspace       used 56752K, committed 57280K, reserved 1114112K
  class space    used 7600K, committed 7872K, reserved 1048576K
}
Event: 19.194 GC heap after
{Heap after GC invocations=26 (full 0):
 garbage-first heap   total 66560K, used 35834K [0x000000008ac00000, 0x0000000100000000)
  region size 1024K, 1 young (1024K), 1 survivors (1024K)
 Metaspace       used 56752K, committed 57280K, reserved 1114112K
  class space    used 7600K, committed 7872K, reserved 1048576K
}
Event: 21.143 GC heap before
{Heap before GC invocations=26 (full 0):
 garbage-first heap   total 66560K, used 52218K [0x000000008ac00000, 0x0000000100000000)
  region size 1024K, 17 young (17408K), 1 survivors (1024K)
 Metaspace       used 59797K, committed 60352K, reserved 1114112K
  class space    used 8047K, committed 8320K, reserved 1048576K
}
Event: 21.147 GC heap after
{Heap after GC invocations=27 (full 0):
 garbage-first heap   total 66560K, used 37645K [0x000000008ac00000, 0x0000000100000000)
  region size 1024K, 2 young (2048K), 2 survivors (2048K)
 Metaspace       used 59797K, committed 60352K, reserved 1114112K
  class space    used 8047K, committed 8320K, reserved 1048576K
}
Event: 92.067 GC heap before
{Heap before GC invocations=28 (full 0):
 garbage-first heap   total 66560K, used 51981K [0x000000008ac00000, 0x0000000100000000)
  region size 1024K, 17 young (17408K), 2 survivors (2048K)
 Metaspace       used 62267K, committed 62784K, reserved 1114112K
  class space    used 8373K, committed 8640K, reserved 1048576K
}

